Library/Bee/Android/Prj/IL2CPP/Gradle/unityLibrary/build/intermediates/manifest_merge_blame_file/release/manifest-merger-blame-release-report.txt
1<?xml version="1.0" encoding="utf-8"?>
2<manifest xmlns:android="http://schemas.android.com/apk/res/android"
3    xmlns:tools="http://schemas.android.com/tools"
4    package="com.unity3d.player"
5    android:installLocation="auto" >
6
7    <uses-sdk
8        android:minSdkVersion="29"
8-->src\main\AndroidManifest.xml
9        android:targetSdkVersion="32" />
9-->src\main\AndroidManifest.xml
10
11    <uses-permission android:name="android.permission.INTERNET" />
11-->src\main\AndroidManifest.xml:3:3-65
11-->src\main\AndroidManifest.xml:3:20-62
12
13    <uses-feature
13-->src\main\AndroidManifest.xml:4:3-111
14        android:name="android.hardware.vr.headtracking"
14-->src\main\AndroidManifest.xml:4:17-64
15        android:required="true"
15-->src\main\AndroidManifest.xml:4:85-108
16        android:version="1" />
16-->src\main\AndroidManifest.xml:4:65-84
17    <uses-feature android:glEsVersion="0x00030000" />
17-->src\main\AndroidManifest.xml:5:3-52
17-->src\main\AndroidManifest.xml:5:17-49
18    <uses-feature
18-->src\main\AndroidManifest.xml:6:3-88
19        android:name="android.hardware.touchscreen"
19-->src\main\AndroidManifest.xml:6:17-60
20        android:required="false" />
20-->src\main\AndroidManifest.xml:6:61-85
21    <uses-feature
21-->src\main\AndroidManifest.xml:7:3-99
22        android:name="android.hardware.touchscreen.multitouch"
22-->src\main\AndroidManifest.xml:7:17-71
23        android:required="false" />
23-->src\main\AndroidManifest.xml:7:72-96
24    <uses-feature
24-->src\main\AndroidManifest.xml:8:3-108
25        android:name="android.hardware.touchscreen.multitouch.distinct"
25-->src\main\AndroidManifest.xml:8:17-80
26        android:required="false" />
26-->src\main\AndroidManifest.xml:8:81-105
27
28    <application
28-->src\main\AndroidManifest.xml:9:3-32:17
29        android:allowBackup="false"
29-->src\main\AndroidManifest.xml:9:81-108
30        android:extractNativeLibs="true"
30-->src\main\AndroidManifest.xml:9:109-141
31        android:icon="@mipmap/app_icon"
31-->src\main\AndroidManifest.xml:9:49-80
32        android:label="@string/app_name"
32-->src\main\AndroidManifest.xml:9:16-48
33        android:networkSecurityConfig="@xml/network_sec_config" >
33-->src\main\AndroidManifest.xml:9:142-197
34        <meta-data
34-->src\main\AndroidManifest.xml:10:5-89
35            android:name="unityplayer.SkipPermissionsDialog"
35-->src\main\AndroidManifest.xml:10:16-64
36            android:value="false" />
36-->src\main\AndroidManifest.xml:10:65-86
37        <meta-data
37-->src\main\AndroidManifest.xml:11:5-97
38            android:name="com.samsung.android.vr.application.mode"
38-->src\main\AndroidManifest.xml:11:16-70
39            android:value="vr_only" />
39-->src\main\AndroidManifest.xml:11:71-94
40        <meta-data
40-->src\main\AndroidManifest.xml:12:5-86
41            android:name="com.oculus.ossplash.background"
41-->src\main\AndroidManifest.xml:12:16-61
42            android:value="black" />
42-->src\main\AndroidManifest.xml:12:62-83
43        <meta-data
43-->src\main\AndroidManifest.xml:13:5-93
44            android:name="com.oculus.supportedDevices"
44-->src\main\AndroidManifest.xml:13:16-58
45            android:value="quest2|questpro" />
45-->src\main\AndroidManifest.xml:13:59-90
46        <meta-data
46-->src\main\AndroidManifest.xml:14:5-69
47            android:name="unity.splash-mode"
47-->src\main\AndroidManifest.xml:14:16-48
48            android:value="0" />
48-->src\main\AndroidManifest.xml:14:49-66
49        <meta-data
49-->src\main\AndroidManifest.xml:15:5-74
50            android:name="unity.splash-enable"
50-->src\main\AndroidManifest.xml:15:16-50
51            android:value="True" />
51-->src\main\AndroidManifest.xml:15:51-71
52        <meta-data
52-->src\main\AndroidManifest.xml:16:5-78
53            android:name="unity.launch-fullscreen"
53-->src\main\AndroidManifest.xml:16:16-54
54            android:value="True" />
54-->src\main\AndroidManifest.xml:16:55-75
55        <meta-data
55-->src\main\AndroidManifest.xml:17:5-84
56            android:name="unity.render-outside-safearea"
56-->src\main\AndroidManifest.xml:17:16-60
57            android:value="True" />
57-->src\main\AndroidManifest.xml:17:61-81
58        <meta-data
58-->src\main\AndroidManifest.xml:18:5-81
59            android:name="notch.config"
59-->src\main\AndroidManifest.xml:18:16-43
60            android:value="portrait|landscape" />
60-->src\main\AndroidManifest.xml:18:44-78
61        <meta-data
61-->src\main\AndroidManifest.xml:19:5-84
62            android:name="unity.auto-report-fully-drawn"
62-->src\main\AndroidManifest.xml:19:16-60
63            android:value="true" />
63-->src\main\AndroidManifest.xml:19:61-81
64
65        <activity
65-->src\main\AndroidManifest.xml:20:5-28:16
66            android:name="com.unity3d.player.UnityPlayerActivity"
66-->src\main\AndroidManifest.xml:20:222-275
67            android:configChanges="keyboard|keyboardHidden|navigation|orientation|screenLayout|screenSize|uiMode|density"
67-->src\main\AndroidManifest.xml:20:80-189
68            android:excludeFromRecents="true"
68-->src\main\AndroidManifest.xml:20:276-309
69            android:exported="true"
69-->src\main\AndroidManifest.xml:20:310-333
70            android:hardwareAccelerated="false"
70-->src\main\AndroidManifest.xml:20:407-442
71            android:launchMode="singleTask"
71-->src\main\AndroidManifest.xml:20:190-221
72            android:resizeableActivity="false"
72-->src\main\AndroidManifest.xml:20:372-406
73            android:screenOrientation="landscape"
73-->src\main\AndroidManifest.xml:20:334-371
74            android:theme="@android:style/Theme.Black.NoTitleBar.Fullscreen" >
74-->src\main\AndroidManifest.xml:20:15-79
75            <intent-filter>
75-->src\main\AndroidManifest.xml:21:7-25:23
76                <category android:name="android.intent.category.LAUNCHER" />
76-->src\main\AndroidManifest.xml:22:9-69
76-->src\main\AndroidManifest.xml:22:19-66
77                <category android:name="com.oculus.intent.category.VR" />
77-->src\main\AndroidManifest.xml:23:9-66
77-->src\main\AndroidManifest.xml:23:19-63
78
79                <action android:name="android.intent.action.MAIN" />
79-->src\main\AndroidManifest.xml:24:9-61
79-->src\main\AndroidManifest.xml:24:17-58
80            </intent-filter>
81
82            <meta-data
82-->src\main\AndroidManifest.xml:26:7-81
83                android:name="com.oculus.vr.focusaware"
83-->src\main\AndroidManifest.xml:26:18-57
84                android:value="true" />
84-->src\main\AndroidManifest.xml:26:58-78
85            <meta-data
85-->src\main\AndroidManifest.xml:27:7-70
86                android:name="notch_support"
86-->src\main\AndroidManifest.xml:27:18-46
87                android:value="true" />
87-->src\main\AndroidManifest.xml:27:47-67
88        </activity>
89
90        <meta-data
90-->src\main\AndroidManifest.xml:29:5-91
91            android:name="com.unity.xr.oculus.LowOverheadMode"
91-->src\main\AndroidManifest.xml:29:16-66
92            android:value="false" />
92-->src\main\AndroidManifest.xml:29:67-88
93        <meta-data
93-->src\main\AndroidManifest.xml:30:5-88
94            android:name="com.unity.xr.oculus.LateLatching"
94-->src\main\AndroidManifest.xml:30:16-63
95            android:value="false" />
95-->src\main\AndroidManifest.xml:30:64-85
96        <meta-data
96-->src\main\AndroidManifest.xml:31:5-93
97            android:name="com.unity.xr.oculus.LateLatchingDebug"
97-->src\main\AndroidManifest.xml:31:16-68
98            android:value="false" />
98-->src\main\AndroidManifest.xml:31:69-90
99    </application>
100
101</manifest>